==25690== Memcheck, a memory error detector
==25690== Copyright (C) 2002-2013, and GNU GPL'd, by Julian Seward et al.
==25690== Using Valgrind-3.10.1 and LibVEX; rerun with -h for copyright info
==25690== Command: ./dungeon_generator --nummon 20
==25690== Parent PID: 23104
==25690== 
==25690== Conditional jump or move depends on uninitialised value(s)
==25690==    at 0x40DBE1: gen_corridors(Dungeon*) (world.cpp:180)
==25690==    by 0x40789E: main (main.cpp:1269)
==25690== 
==25690== Conditional jump or move depends on uninitialised value(s)
==25690==    at 0x40BE04: test_loc(Dungeon*, int, int, Sprite*) (monsters.cpp:8)
==25690==    by 0x40CA9C: gen_move_sprite(Dungeon*, int) (monsters.cpp:215)
==25690==    by 0x407AE2: main (main.cpp:1310)
==25690== 
==25690== Conditional jump or move depends on uninitialised value(s)
==25690==    at 0x40BE17: test_loc(Dungeon*, int, int, Sprite*) (monsters.cpp:8)
==25690==    by 0x40CA9C: gen_move_sprite(Dungeon*, int) (monsters.cpp:215)
==25690==    by 0x407AE2: main (main.cpp:1310)
==25690== 
==25690== Use of uninitialised value of size 8
==25690==    at 0x40BE5E: test_loc(Dungeon*, int, int, Sprite*) (monsters.cpp:9)
==25690==    by 0x40CA9C: gen_move_sprite(Dungeon*, int) (monsters.cpp:215)
==25690==    by 0x407AE2: main (main.cpp:1310)
==25690== 
==25690== Use of uninitialised value of size 8
==25690==    at 0x40BE87: test_loc(Dungeon*, int, int, Sprite*) (monsters.cpp:10)
==25690==    by 0x40CA9C: gen_move_sprite(Dungeon*, int) (monsters.cpp:215)
==25690==    by 0x407AE2: main (main.cpp:1310)
==25690== 
==25690== Conditional jump or move depends on uninitialised value(s)
==25690==    at 0x40BE04: test_loc(Dungeon*, int, int, Sprite*) (monsters.cpp:8)
==25690==    by 0x40CAD8: gen_move_sprite(Dungeon*, int) (monsters.cpp:219)
==25690==    by 0x407AE2: main (main.cpp:1310)
==25690== 
==25690== Conditional jump or move depends on uninitialised value(s)
==25690==    at 0x40BE17: test_loc(Dungeon*, int, int, Sprite*) (monsters.cpp:8)
==25690==    by 0x40CAD8: gen_move_sprite(Dungeon*, int) (monsters.cpp:219)
==25690==    by 0x407AE2: main (main.cpp:1310)
==25690== 
==25690== Use of uninitialised value of size 8
==25690==    at 0x40BE5E: test_loc(Dungeon*, int, int, Sprite*) (monsters.cpp:9)
==25690==    by 0x40CAD8: gen_move_sprite(Dungeon*, int) (monsters.cpp:219)
==25690==    by 0x407AE2: main (main.cpp:1310)
==25690== 
==25690== Use of uninitialised value of size 8
==25690==    at 0x40BE87: test_loc(Dungeon*, int, int, Sprite*) (monsters.cpp:10)
==25690==    by 0x40CAD8: gen_move_sprite(Dungeon*, int) (monsters.cpp:219)
==25690==    by 0x407AE2: main (main.cpp:1310)
==25690== 
==25690== Conditional jump or move depends on uninitialised value(s)
==25690==    at 0x40CB22: gen_move_sprite(Dungeon*, int) (monsters.cpp:234)
==25690==    by 0x407AE2: main (main.cpp:1310)
==25690== 
==25690== Conditional jump or move depends on uninitialised value(s)
==25690==    at 0x40CBE5: gen_move_sprite(Dungeon*, int) (monsters.cpp:245)
==25690==    by 0x407AE2: main (main.cpp:1310)
==25690== 
==25690== Conditional jump or move depends on uninitialised value(s)
==25690==    at 0x4049EB: parse_pc(Dungeon*, int*, int*) (main.cpp:690)
==25690==    by 0x407C1E: main (main.cpp:1351)
==25690== 
==25690== Conditional jump or move depends on uninitialised value(s)
==25690==    at 0x404BB2: parse_pc(Dungeon*, int*, int*) (main.cpp:722)
==25690==    by 0x407C1E: main (main.cpp:1351)
==25690== 
==25690== Use of uninitialised value of size 8
==25690==    at 0x40C32B: gen_move_sprite(Dungeon*, int) (monsters.cpp:60)
==25690==    by 0x407CE6: main (main.cpp:1367)
==25690== 
==25690== Use of uninitialised value of size 8
==25690==    at 0x40C330: gen_move_sprite(Dungeon*, int) (monsters.cpp:60)
==25690==    by 0x407CE6: main (main.cpp:1367)
==25690== 
==25690== Use of uninitialised value of size 8
==25690==    at 0x40C369: gen_move_sprite(Dungeon*, int) (monsters.cpp:61)
==25690==    by 0x407CE6: main (main.cpp:1367)
==25690== 
==25690== Use of uninitialised value of size 8
==25690==    at 0x40C3A9: gen_move_sprite(Dungeon*, int) (monsters.cpp:62)
==25690==    by 0x407CE6: main (main.cpp:1367)
==25690== 
==25690== Conditional jump or move depends on uninitialised value(s)
==25690==    at 0x40C414: gen_move_sprite(Dungeon*, int) (monsters.cpp:74)
==25690==    by 0x407CE6: main (main.cpp:1367)
==25690== 
==25690== Conditional jump or move depends on uninitialised value(s)
==25690==    at 0x40C427: gen_move_sprite(Dungeon*, int) (monsters.cpp:74)
==25690==    by 0x407CE6: main (main.cpp:1367)
==25690== 
==25690== Conditional jump or move depends on uninitialised value(s)
==25690==    at 0x40BE04: test_loc(Dungeon*, int, int, Sprite*) (monsters.cpp:8)
==25690==    by 0x40CA9C: gen_move_sprite(Dungeon*, int) (monsters.cpp:215)
==25690==    by 0x407CE6: main (main.cpp:1367)
==25690== 
==25690== Conditional jump or move depends on uninitialised value(s)
==25690==    at 0x40BE17: test_loc(Dungeon*, int, int, Sprite*) (monsters.cpp:8)
==25690==    by 0x40CA9C: gen_move_sprite(Dungeon*, int) (monsters.cpp:215)
==25690==    by 0x407CE6: main (main.cpp:1367)
==25690== 
==25690== Use of uninitialised value of size 8
==25690==    at 0x40BE5E: test_loc(Dungeon*, int, int, Sprite*) (monsters.cpp:9)
==25690==    by 0x40CA9C: gen_move_sprite(Dungeon*, int) (monsters.cpp:215)
==25690==    by 0x407CE6: main (main.cpp:1367)
==25690== 
==25690== Use of uninitialised value of size 8
==25690==    at 0x40BE87: test_loc(Dungeon*, int, int, Sprite*) (monsters.cpp:10)
==25690==    by 0x40CA9C: gen_move_sprite(Dungeon*, int) (monsters.cpp:215)
==25690==    by 0x407CE6: main (main.cpp:1367)
==25690== 
==25690== Conditional jump or move depends on uninitialised value(s)
==25690==    at 0x40BE04: test_loc(Dungeon*, int, int, Sprite*) (monsters.cpp:8)
==25690==    by 0x40CAD8: gen_move_sprite(Dungeon*, int) (monsters.cpp:219)
==25690==    by 0x407CE6: main (main.cpp:1367)
==25690== 
==25690== Conditional jump or move depends on uninitialised value(s)
==25690==    at 0x40BE17: test_loc(Dungeon*, int, int, Sprite*) (monsters.cpp:8)
==25690==    by 0x40CAD8: gen_move_sprite(Dungeon*, int) (monsters.cpp:219)
==25690==    by 0x407CE6: main (main.cpp:1367)
==25690== 
==25690== Use of uninitialised value of size 8
==25690==    at 0x40BE5E: test_loc(Dungeon*, int, int, Sprite*) (monsters.cpp:9)
==25690==    by 0x40CAD8: gen_move_sprite(Dungeon*, int) (monsters.cpp:219)
==25690==    by 0x407CE6: main (main.cpp:1367)
==25690== 
==25690== Use of uninitialised value of size 8
==25690==    at 0x40BE87: test_loc(Dungeon*, int, int, Sprite*) (monsters.cpp:10)
==25690==    by 0x40CAD8: gen_move_sprite(Dungeon*, int) (monsters.cpp:219)
==25690==    by 0x407CE6: main (main.cpp:1367)
==25690== 
==25690== Conditional jump or move depends on uninitialised value(s)
==25690==    at 0x40CB22: gen_move_sprite(Dungeon*, int) (monsters.cpp:234)
==25690==    by 0x407CE6: main (main.cpp:1367)
==25690== 
==25690== Conditional jump or move depends on uninitialised value(s)
==25690==    at 0x40CBE5: gen_move_sprite(Dungeon*, int) (monsters.cpp:245)
==25690==    by 0x407CE6: main (main.cpp:1367)
==25690== 
==25690== Conditional jump or move depends on uninitialised value(s)
==25690==    at 0x40BF5F: with_pc(Dungeon*, Sprite*, int*) (monsters.cpp:28)
==25690==    by 0x40C4C4: gen_move_sprite(Dungeon*, int) (monsters.cpp:85)
==25690==    by 0x407CE6: main (main.cpp:1367)
==25690== 
==25690== Conditional jump or move depends on uninitialised value(s)
==25690==    at 0x40BFDA: with_pc(Dungeon*, Sprite*, int*) (monsters.cpp:28)
==25690==    by 0x40C4C4: gen_move_sprite(Dungeon*, int) (monsters.cpp:85)
==25690==    by 0x407CE6: main (main.cpp:1367)
==25690== 
==25690== Conditional jump or move depends on uninitialised value(s)
==25690==    at 0x40494A: parse_pc(Dungeon*, int*, int*) (main.cpp:678)
==25690==    by 0x407C1E: main (main.cpp:1351)
==25690== 
==25690== Use of uninitialised value of size 8
==25690==    at 0x40F1D2: print_dungeon(Dungeon*, int, int) (printing.cpp:168)
==25690==    by 0x407CBC: main (main.cpp:1364)
==25690== 
==25690== Use of uninitialised value of size 8
==25690==    at 0x40F231: print_dungeon(Dungeon*, int, int) (printing.cpp:170)
==25690==    by 0x407CBC: main (main.cpp:1364)
==25690== 
==25690== Conditional jump or move depends on uninitialised value(s)
==25690==    at 0x404A7D: parse_pc(Dungeon*, int*, int*) (main.cpp:701)
==25690==    by 0x407C1E: main (main.cpp:1351)
==25690== 
==25690== Conditional jump or move depends on uninitialised value(s)
==25690==    at 0x403FE9: monster_list(Dungeon*) (main.cpp:413)
==25690==    by 0x4047EC: parse_pc(Dungeon*, int*, int*) (main.cpp:650)
==25690==    by 0x407C1E: main (main.cpp:1351)
==25690== 
==25690== Conditional jump or move depends on uninitialised value(s)
==25690==    at 0x5B72026: vfprintf (in /usr/lib64/libc-2.21.so)
==25690==    by 0x5B956FA: vsprintf (in /usr/lib64/libc-2.21.so)
==25690==    by 0x5B790C6: sprintf (in /usr/lib64/libc-2.21.so)
==25690==    by 0x4040C4: monster_list(Dungeon*) (main.cpp:419)
==25690==    by 0x4047EC: parse_pc(Dungeon*, int*, int*) (main.cpp:650)
==25690==    by 0x407C1E: main (main.cpp:1351)
==25690== 
==25690== Use of uninitialised value of size 8
==25690==    at 0x5B6E15B: _itoa_word (in /usr/lib64/libc-2.21.so)
==25690==    by 0x5B722D9: vfprintf (in /usr/lib64/libc-2.21.so)
==25690==    by 0x5B956FA: vsprintf (in /usr/lib64/libc-2.21.so)
==25690==    by 0x5B790C6: sprintf (in /usr/lib64/libc-2.21.so)
==25690==    by 0x4040C4: monster_list(Dungeon*) (main.cpp:419)
==25690==    by 0x4047EC: parse_pc(Dungeon*, int*, int*) (main.cpp:650)
==25690==    by 0x407C1E: main (main.cpp:1351)
==25690== 
==25690== Conditional jump or move depends on uninitialised value(s)
==25690==    at 0x5B6E165: _itoa_word (in /usr/lib64/libc-2.21.so)
==25690==    by 0x5B722D9: vfprintf (in /usr/lib64/libc-2.21.so)
==25690==    by 0x5B956FA: vsprintf (in /usr/lib64/libc-2.21.so)
==25690==    by 0x5B790C6: sprintf (in /usr/lib64/libc-2.21.so)
==25690==    by 0x4040C4: monster_list(Dungeon*) (main.cpp:419)
==25690==    by 0x4047EC: parse_pc(Dungeon*, int*, int*) (main.cpp:650)
==25690==    by 0x407C1E: main (main.cpp:1351)
==25690== 
==25690== Conditional jump or move depends on uninitialised value(s)
==25690==    at 0x5B72353: vfprintf (in /usr/lib64/libc-2.21.so)
==25690==    by 0x5B956FA: vsprintf (in /usr/lib64/libc-2.21.so)
==25690==    by 0x5B790C6: sprintf (in /usr/lib64/libc-2.21.so)
==25690==    by 0x4040C4: monster_list(Dungeon*) (main.cpp:419)
==25690==    by 0x4047EC: parse_pc(Dungeon*, int*, int*) (main.cpp:650)
==25690==    by 0x407C1E: main (main.cpp:1351)
==25690== 
==25690== Conditional jump or move depends on uninitialised value(s)
==25690==    at 0x5B720E9: vfprintf (in /usr/lib64/libc-2.21.so)
==25690==    by 0x5B956FA: vsprintf (in /usr/lib64/libc-2.21.so)
==25690==    by 0x5B790C6: sprintf (in /usr/lib64/libc-2.21.so)
==25690==    by 0x4040C4: monster_list(Dungeon*) (main.cpp:419)
==25690==    by 0x4047EC: parse_pc(Dungeon*, int*, int*) (main.cpp:650)
==25690==    by 0x407C1E: main (main.cpp:1351)
==25690== 
==25690== Conditional jump or move depends on uninitialised value(s)
==25690==    at 0x5B72743: vfprintf (in /usr/lib64/libc-2.21.so)
==25690==    by 0x5B956FA: vsprintf (in /usr/lib64/libc-2.21.so)
==25690==    by 0x5B790C6: sprintf (in /usr/lib64/libc-2.21.so)
==25690==    by 0x4040C4: monster_list(Dungeon*) (main.cpp:419)
==25690==    by 0x4047EC: parse_pc(Dungeon*, int*, int*) (main.cpp:650)
==25690==    by 0x407C1E: main (main.cpp:1351)
==25690== 
==25690== Conditional jump or move depends on uninitialised value(s)
==25690==    at 0x5B9454A: _IO_padn (in /usr/lib64/libc-2.21.so)
==25690==    by 0x5B72769: vfprintf (in /usr/lib64/libc-2.21.so)
==25690==    by 0x5B956FA: vsprintf (in /usr/lib64/libc-2.21.so)
==25690==    by 0x5B790C6: sprintf (in /usr/lib64/libc-2.21.so)
==25690==    by 0x4040C4: monster_list(Dungeon*) (main.cpp:419)
==25690==    by 0x4047EC: parse_pc(Dungeon*, int*, int*) (main.cpp:650)
==25690==    by 0x407C1E: main (main.cpp:1351)
==25690== 
==25690== Conditional jump or move depends on uninitialised value(s)
==25690==    at 0x5B9458A: _IO_padn (in /usr/lib64/libc-2.21.so)
==25690==    by 0x5B72769: vfprintf (in /usr/lib64/libc-2.21.so)
==25690==    by 0x5B956FA: vsprintf (in /usr/lib64/libc-2.21.so)
==25690==    by 0x5B790C6: sprintf (in /usr/lib64/libc-2.21.so)
==25690==    by 0x4040C4: monster_list(Dungeon*) (main.cpp:419)
==25690==    by 0x4047EC: parse_pc(Dungeon*, int*, int*) (main.cpp:650)
==25690==    by 0x407C1E: main (main.cpp:1351)
==25690== 
==25690== Conditional jump or move depends on uninitialised value(s)
==25690==    at 0x5BA0633: _IO_default_xsputn (in /usr/lib64/libc-2.21.so)
==25690==    by 0x5B9459F: _IO_padn (in /usr/lib64/libc-2.21.so)
==25690==    by 0x5B72769: vfprintf (in /usr/lib64/libc-2.21.so)
==25690==    by 0x5B956FA: vsprintf (in /usr/lib64/libc-2.21.so)
==25690==    by 0x5B790C6: sprintf (in /usr/lib64/libc-2.21.so)
==25690==    by 0x4040C4: monster_list(Dungeon*) (main.cpp:419)
==25690==    by 0x4047EC: parse_pc(Dungeon*, int*, int*) (main.cpp:650)
==25690==    by 0x407C1E: main (main.cpp:1351)
==25690== 
==25690== Conditional jump or move depends on uninitialised value(s)
==25690==    at 0x5BA066D: _IO_default_xsputn (in /usr/lib64/libc-2.21.so)
==25690==    by 0x5B9459F: _IO_padn (in /usr/lib64/libc-2.21.so)
==25690==    by 0x5B72769: vfprintf (in /usr/lib64/libc-2.21.so)
==25690==    by 0x5B956FA: vsprintf (in /usr/lib64/libc-2.21.so)
==25690==    by 0x5B790C6: sprintf (in /usr/lib64/libc-2.21.so)
==25690==    by 0x4040C4: monster_list(Dungeon*) (main.cpp:419)
==25690==    by 0x4047EC: parse_pc(Dungeon*, int*, int*) (main.cpp:650)
==25690==    by 0x407C1E: main (main.cpp:1351)
==25690== 
==25690== Conditional jump or move depends on uninitialised value(s)
==25690==    at 0x5BA0672: _IO_default_xsputn (in /usr/lib64/libc-2.21.so)
==25690==    by 0x5B9459F: _IO_padn (in /usr/lib64/libc-2.21.so)
==25690==    by 0x5B72769: vfprintf (in /usr/lib64/libc-2.21.so)
==25690==    by 0x5B956FA: vsprintf (in /usr/lib64/libc-2.21.so)
==25690==    by 0x5B790C6: sprintf (in /usr/lib64/libc-2.21.so)
==25690==    by 0x4040C4: monster_list(Dungeon*) (main.cpp:419)
==25690==    by 0x4047EC: parse_pc(Dungeon*, int*, int*) (main.cpp:650)
==25690==    by 0x407C1E: main (main.cpp:1351)
==25690== 
==25690== Conditional jump or move depends on uninitialised value(s)
==25690==    at 0x5BA0685: _IO_default_xsputn (in /usr/lib64/libc-2.21.so)
==25690==    by 0x5B9459F: _IO_padn (in /usr/lib64/libc-2.21.so)
==25690==    by 0x5B72769: vfprintf (in /usr/lib64/libc-2.21.so)
==25690==    by 0x5B956FA: vsprintf (in /usr/lib64/libc-2.21.so)
==25690==    by 0x5B790C6: sprintf (in /usr/lib64/libc-2.21.so)
==25690==    by 0x4040C4: monster_list(Dungeon*) (main.cpp:419)
==25690==    by 0x4047EC: parse_pc(Dungeon*, int*, int*) (main.cpp:650)
==25690==    by 0x407C1E: main (main.cpp:1351)
==25690== 
==25690== Conditional jump or move depends on uninitialised value(s)
==25690==    at 0x5BA0698: _IO_default_xsputn (in /usr/lib64/libc-2.21.so)
==25690==    by 0x5B9459F: _IO_padn (in /usr/lib64/libc-2.21.so)
==25690==    by 0x5B72769: vfprintf (in /usr/lib64/libc-2.21.so)
==25690==    by 0x5B956FA: vsprintf (in /usr/lib64/libc-2.21.so)
==25690==    by 0x5B790C6: sprintf (in /usr/lib64/libc-2.21.so)
==25690==    by 0x4040C4: monster_list(Dungeon*) (main.cpp:419)
==25690==    by 0x4047EC: parse_pc(Dungeon*, int*, int*) (main.cpp:650)
==25690==    by 0x407C1E: main (main.cpp:1351)
==25690== 
==25690== Conditional jump or move depends on uninitialised value(s)
==25690==    at 0x5B7277B: vfprintf (in /usr/lib64/libc-2.21.so)
==25690==    by 0x5B956FA: vsprintf (in /usr/lib64/libc-2.21.so)
==25690==    by 0x5B790C6: sprintf (in /usr/lib64/libc-2.21.so)
==25690==    by 0x4040C4: monster_list(Dungeon*) (main.cpp:419)
==25690==    by 0x4047EC: parse_pc(Dungeon*, int*, int*) (main.cpp:650)
==25690==    by 0x407C1E: main (main.cpp:1351)
==25690== 
==25690== Conditional jump or move depends on uninitialised value(s)
==25690==    at 0x5B72792: vfprintf (in /usr/lib64/libc-2.21.so)
==25690==    by 0x5B956FA: vsprintf (in /usr/lib64/libc-2.21.so)
==25690==    by 0x5B790C6: sprintf (in /usr/lib64/libc-2.21.so)
==25690==    by 0x4040C4: monster_list(Dungeon*) (main.cpp:419)
==25690==    by 0x4047EC: parse_pc(Dungeon*, int*, int*) (main.cpp:650)
==25690==    by 0x407C1E: main (main.cpp:1351)
==25690== 
==25690== Conditional jump or move depends on uninitialised value(s)
==25690==    at 0x5B72139: vfprintf (in /usr/lib64/libc-2.21.so)
==25690==    by 0x5B956FA: vsprintf (in /usr/lib64/libc-2.21.so)
==25690==    by 0x5B790C6: sprintf (in /usr/lib64/libc-2.21.so)
==25690==    by 0x4040C4: monster_list(Dungeon*) (main.cpp:419)
==25690==    by 0x4047EC: parse_pc(Dungeon*, int*, int*) (main.cpp:650)
==25690==    by 0x407C1E: main (main.cpp:1351)
==25690== 
==25690== Conditional jump or move depends on uninitialised value(s)
==25690==    at 0x5B72179: vfprintf (in /usr/lib64/libc-2.21.so)
==25690==    by 0x5B956FA: vsprintf (in /usr/lib64/libc-2.21.so)
==25690==    by 0x5B790C6: sprintf (in /usr/lib64/libc-2.21.so)
==25690==    by 0x4040C4: monster_list(Dungeon*) (main.cpp:419)
==25690==    by 0x4047EC: parse_pc(Dungeon*, int*, int*) (main.cpp:650)
==25690==    by 0x407C1E: main (main.cpp:1351)
==25690== 
==25690== Conditional jump or move depends on uninitialised value(s)
==25690==    at 0x5BA065D: _IO_default_xsputn (in /usr/lib64/libc-2.21.so)
==25690==    by 0x5B72268: vfprintf (in /usr/lib64/libc-2.21.so)
==25690==    by 0x5B956FA: vsprintf (in /usr/lib64/libc-2.21.so)
==25690==    by 0x5B790C6: sprintf (in /usr/lib64/libc-2.21.so)
==25690==    by 0x4040C4: monster_list(Dungeon*) (main.cpp:419)
==25690==    by 0x4047EC: parse_pc(Dungeon*, int*, int*) (main.cpp:650)
==25690==    by 0x407C1E: main (main.cpp:1351)
==25690== 
==25690== Conditional jump or move depends on uninitialised value(s)
==25690==    at 0x5BA066D: _IO_default_xsputn (in /usr/lib64/libc-2.21.so)
==25690==    by 0x5B72268: vfprintf (in /usr/lib64/libc-2.21.so)
==25690==    by 0x5B956FA: vsprintf (in /usr/lib64/libc-2.21.so)
==25690==    by 0x5B790C6: sprintf (in /usr/lib64/libc-2.21.so)
==25690==    by 0x4040C4: monster_list(Dungeon*) (main.cpp:419)
==25690==    by 0x4047EC: parse_pc(Dungeon*, int*, int*) (main.cpp:650)
==25690==    by 0x407C1E: main (main.cpp:1351)
==25690== 
==25690== Conditional jump or move depends on uninitialised value(s)
==25690==    at 0x5BA0672: _IO_default_xsputn (in /usr/lib64/libc-2.21.so)
==25690==    by 0x5B72268: vfprintf (in /usr/lib64/libc-2.21.so)
==25690==    by 0x5B956FA: vsprintf (in /usr/lib64/libc-2.21.so)
==25690==    by 0x5B790C6: sprintf (in /usr/lib64/libc-2.21.so)
==25690==    by 0x4040C4: monster_list(Dungeon*) (main.cpp:419)
==25690==    by 0x4047EC: parse_pc(Dungeon*, int*, int*) (main.cpp:650)
==25690==    by 0x407C1E: main (main.cpp:1351)
==25690== 
==25690== Use of uninitialised value of size 8
==25690==    at 0x5BA067B: _IO_default_xsputn (in /usr/lib64/libc-2.21.so)
==25690==    by 0x5B72268: vfprintf (in /usr/lib64/libc-2.21.so)
==25690==    by 0x5B956FA: vsprintf (in /usr/lib64/libc-2.21.so)
==25690==    by 0x5B790C6: sprintf (in /usr/lib64/libc-2.21.so)
==25690==    by 0x4040C4: monster_list(Dungeon*) (main.cpp:419)
==25690==    by 0x4047EC: parse_pc(Dungeon*, int*, int*) (main.cpp:650)
==25690==    by 0x407C1E: main (main.cpp:1351)
==25690== 
==25690== Conditional jump or move depends on uninitialised value(s)
==25690==    at 0x5BA0685: _IO_default_xsputn (in /usr/lib64/libc-2.21.so)
==25690==    by 0x5B72268: vfprintf (in /usr/lib64/libc-2.21.so)
==25690==    by 0x5B956FA: vsprintf (in /usr/lib64/libc-2.21.so)
==25690==    by 0x5B790C6: sprintf (in /usr/lib64/libc-2.21.so)
==25690==    by 0x4040C4: monster_list(Dungeon*) (main.cpp:419)
==25690==    by 0x4047EC: parse_pc(Dungeon*, int*, int*) (main.cpp:650)
==25690==    by 0x407C1E: main (main.cpp:1351)
==25690== 
==25690== Conditional jump or move depends on uninitialised value(s)
==25690==    at 0x5BA0698: _IO_default_xsputn (in /usr/lib64/libc-2.21.so)
==25690==    by 0x5B72268: vfprintf (in /usr/lib64/libc-2.21.so)
==25690==    by 0x5B956FA: vsprintf (in /usr/lib64/libc-2.21.so)
==25690==    by 0x5B790C6: sprintf (in /usr/lib64/libc-2.21.so)
==25690==    by 0x4040C4: monster_list(Dungeon*) (main.cpp:419)
==25690==    by 0x4047EC: parse_pc(Dungeon*, int*, int*) (main.cpp:650)
==25690==    by 0x407C1E: main (main.cpp:1351)
==25690== 
==25690== Conditional jump or move depends on uninitialised value(s)
==25690==    at 0x5B72270: vfprintf (in /usr/lib64/libc-2.21.so)
==25690==    by 0x5B956FA: vsprintf (in /usr/lib64/libc-2.21.so)
==25690==    by 0x5B790C6: sprintf (in /usr/lib64/libc-2.21.so)
==25690==    by 0x4040C4: monster_list(Dungeon*) (main.cpp:419)
==25690==    by 0x4047EC: parse_pc(Dungeon*, int*, int*) (main.cpp:650)
==25690==    by 0x407C1E: main (main.cpp:1351)
==25690== 
==25690== Conditional jump or move depends on uninitialised value(s)
==25690==    at 0x5B7228A: vfprintf (in /usr/lib64/libc-2.21.so)
==25690==    by 0x5B956FA: vsprintf (in /usr/lib64/libc-2.21.so)
==25690==    by 0x5B790C6: sprintf (in /usr/lib64/libc-2.21.so)
==25690==    by 0x4040C4: monster_list(Dungeon*) (main.cpp:419)
==25690==    by 0x4047EC: parse_pc(Dungeon*, int*, int*) (main.cpp:650)
==25690==    by 0x407C1E: main (main.cpp:1351)
==25690== 
==25690== Conditional jump or move depends on uninitialised value(s)
==25690==    at 0x5BA065D: _IO_default_xsputn (in /usr/lib64/libc-2.21.so)
==25690==    by 0x5B71F8A: vfprintf (in /usr/lib64/libc-2.21.so)
==25690==    by 0x5B956FA: vsprintf (in /usr/lib64/libc-2.21.so)
==25690==    by 0x5B790C6: sprintf (in /usr/lib64/libc-2.21.so)
==25690==    by 0x4040C4: monster_list(Dungeon*) (main.cpp:419)
==25690==    by 0x4047EC: parse_pc(Dungeon*, int*, int*) (main.cpp:650)
==25690==    by 0x407C1E: main (main.cpp:1351)
==25690== 
==25690== Conditional jump or move depends on uninitialised value(s)
==25690==    at 0x5BA066D: _IO_default_xsputn (in /usr/lib64/libc-2.21.so)
==25690==    by 0x5B71F8A: vfprintf (in /usr/lib64/libc-2.21.so)
==25690==    by 0x5B956FA: vsprintf (in /usr/lib64/libc-2.21.so)
==25690==    by 0x5B790C6: sprintf (in /usr/lib64/libc-2.21.so)
==25690==    by 0x4040C4: monster_list(Dungeon*) (main.cpp:419)
==25690==    by 0x4047EC: parse_pc(Dungeon*, int*, int*) (main.cpp:650)
==25690==    by 0x407C1E: main (main.cpp:1351)
==25690== 
==25690== Conditional jump or move depends on uninitialised value(s)
==25690==    at 0x5BA0672: _IO_default_xsputn (in /usr/lib64/libc-2.21.so)
==25690==    by 0x5B71F8A: vfprintf (in /usr/lib64/libc-2.21.so)
==25690==    by 0x5B956FA: vsprintf (in /usr/lib64/libc-2.21.so)
==25690==    by 0x5B790C6: sprintf (in /usr/lib64/libc-2.21.so)
==25690==    by 0x4040C4: monster_list(Dungeon*) (main.cpp:419)
==25690==    by 0x4047EC: parse_pc(Dungeon*, int*, int*) (main.cpp:650)
==25690==    by 0x407C1E: main (main.cpp:1351)
==25690== 
==25690== Use of uninitialised value of size 8
==25690==    at 0x5BA067B: _IO_default_xsputn (in /usr/lib64/libc-2.21.so)
==25690==    by 0x5B71F8A: vfprintf (in /usr/lib64/libc-2.21.so)
==25690==    by 0x5B956FA: vsprintf (in /usr/lib64/libc-2.21.so)
==25690==    by 0x5B790C6: sprintf (in /usr/lib64/libc-2.21.so)
==25690==    by 0x4040C4: monster_list(Dungeon*) (main.cpp:419)
==25690==    by 0x4047EC: parse_pc(Dungeon*, int*, int*) (main.cpp:650)
==25690==    by 0x407C1E: main (main.cpp:1351)
==25690== 
==25690== Conditional jump or move depends on uninitialised value(s)
==25690==    at 0x5BA0685: _IO_default_xsputn (in /usr/lib64/libc-2.21.so)
==25690==    by 0x5B71F8A: vfprintf (in /usr/lib64/libc-2.21.so)
==25690==    by 0x5B956FA: vsprintf (in /usr/lib64/libc-2.21.so)
==25690==    by 0x5B790C6: sprintf (in /usr/lib64/libc-2.21.so)
==25690==    by 0x4040C4: monster_list(Dungeon*) (main.cpp:419)
==25690==    by 0x4047EC: parse_pc(Dungeon*, int*, int*) (main.cpp:650)
==25690==    by 0x407C1E: main (main.cpp:1351)
==25690== 
==25690== Conditional jump or move depends on uninitialised value(s)
==25690==    at 0x5BA0698: _IO_default_xsputn (in /usr/lib64/libc-2.21.so)
==25690==    by 0x5B71F8A: vfprintf (in /usr/lib64/libc-2.21.so)
==25690==    by 0x5B956FA: vsprintf (in /usr/lib64/libc-2.21.so)
==25690==    by 0x5B790C6: sprintf (in /usr/lib64/libc-2.21.so)
==25690==    by 0x4040C4: monster_list(Dungeon*) (main.cpp:419)
==25690==    by 0x4047EC: parse_pc(Dungeon*, int*, int*) (main.cpp:650)
==25690==    by 0x407C1E: main (main.cpp:1351)
==25690== 
==25690== Conditional jump or move depends on uninitialised value(s)
==25690==    at 0x5B71F9E: vfprintf (in /usr/lib64/libc-2.21.so)
==25690==    by 0x5B956FA: vsprintf (in /usr/lib64/libc-2.21.so)
==25690==    by 0x5B790C6: sprintf (in /usr/lib64/libc-2.21.so)
==25690==    by 0x4040C4: monster_list(Dungeon*) (main.cpp:419)
==25690==    by 0x4047EC: parse_pc(Dungeon*, int*, int*) (main.cpp:650)
==25690==    by 0x407C1E: main (main.cpp:1351)
==25690== 
==25690== Conditional jump or move depends on uninitialised value(s)
==25690==    at 0x5B71FB5: vfprintf (in /usr/lib64/libc-2.21.so)
==25690==    by 0x5B956FA: vsprintf (in /usr/lib64/libc-2.21.so)
==25690==    by 0x5B790C6: sprintf (in /usr/lib64/libc-2.21.so)
==25690==    by 0x4040C4: monster_list(Dungeon*) (main.cpp:419)
==25690==    by 0x4047EC: parse_pc(Dungeon*, int*, int*) (main.cpp:650)
==25690==    by 0x407C1E: main (main.cpp:1351)
==25690== 
==25690== Conditional jump or move depends on uninitialised value(s)
==25690==    at 0x5BA065D: _IO_default_xsputn (in /usr/lib64/libc-2.21.so)
==25690==    by 0x5B72E23: vfprintf (in /usr/lib64/libc-2.21.so)
==25690==    by 0x5B956FA: vsprintf (in /usr/lib64/libc-2.21.so)
==25690==    by 0x5B790C6: sprintf (in /usr/lib64/libc-2.21.so)
==25690==    by 0x4040C4: monster_list(Dungeon*) (main.cpp:419)
==25690==    by 0x4047EC: parse_pc(Dungeon*, int*, int*) (main.cpp:650)
==25690==    by 0x407C1E: main (main.cpp:1351)
==25690== 
==25690== Conditional jump or move depends on uninitialised value(s)
==25690==    at 0x5BA066D: _IO_default_xsputn (in /usr/lib64/libc-2.21.so)
==25690==    by 0x5B72E23: vfprintf (in /usr/lib64/libc-2.21.so)
==25690==    by 0x5B956FA: vsprintf (in /usr/lib64/libc-2.21.so)
==25690==    by 0x5B790C6: sprintf (in /usr/lib64/libc-2.21.so)
==25690==    by 0x4040C4: monster_list(Dungeon*) (main.cpp:419)
==25690==    by 0x4047EC: parse_pc(Dungeon*, int*, int*) (main.cpp:650)
==25690==    by 0x407C1E: main (main.cpp:1351)
==25690== 
==25690== Conditional jump or move depends on uninitialised value(s)
==25690==    at 0x5BA0672: _IO_default_xsputn (in /usr/lib64/libc-2.21.so)
==25690==    by 0x5B72E23: vfprintf (in /usr/lib64/libc-2.21.so)
==25690==    by 0x5B956FA: vsprintf (in /usr/lib64/libc-2.21.so)
==25690==    by 0x5B790C6: sprintf (in /usr/lib64/libc-2.21.so)
==25690==    by 0x4040C4: monster_list(Dungeon*) (main.cpp:419)
==25690==    by 0x4047EC: parse_pc(Dungeon*, int*, int*) (main.cpp:650)
==25690==    by 0x407C1E: main (main.cpp:1351)
==25690== 
==25690== Use of uninitialised value of size 8
==25690==    at 0x5BA067B: _IO_default_xsputn (in /usr/lib64/libc-2.21.so)
==25690==    by 0x5B72E23: vfprintf (in /usr/lib64/libc-2.21.so)
==25690==    by 0x5B956FA: vsprintf (in /usr/lib64/libc-2.21.so)
==25690==    by 0x5B790C6: sprintf (in /usr/lib64/libc-2.21.so)
==25690==    by 0x4040C4: monster_list(Dungeon*) (main.cpp:419)
==25690==    by 0x4047EC: parse_pc(Dungeon*, int*, int*) (main.cpp:650)
==25690==    by 0x407C1E: main (main.cpp:1351)
==25690== 
==25690== Conditional jump or move depends on uninitialised value(s)
==25690==    at 0x5BA0685: _IO_default_xsputn (in /usr/lib64/libc-2.21.so)
==25690==    by 0x5B72E23: vfprintf (in /usr/lib64/libc-2.21.so)
==25690==    by 0x5B956FA: vsprintf (in /usr/lib64/libc-2.21.so)
==25690==    by 0x5B790C6: sprintf (in /usr/lib64/libc-2.21.so)
==25690==    by 0x4040C4: monster_list(Dungeon*) (main.cpp:419)
==25690==    by 0x4047EC: parse_pc(Dungeon*, int*, int*) (main.cpp:650)
==25690==    by 0x407C1E: main (main.cpp:1351)
==25690== 
==25690== Conditional jump or move depends on uninitialised value(s)
==25690==    at 0x5BA0698: _IO_default_xsputn (in /usr/lib64/libc-2.21.so)
==25690==    by 0x5B72E23: vfprintf (in /usr/lib64/libc-2.21.so)
==25690==    by 0x5B956FA: vsprintf (in /usr/lib64/libc-2.21.so)
==25690==    by 0x5B790C6: sprintf (in /usr/lib64/libc-2.21.so)
==25690==    by 0x4040C4: monster_list(Dungeon*) (main.cpp:419)
==25690==    by 0x4047EC: parse_pc(Dungeon*, int*, int*) (main.cpp:650)
==25690==    by 0x407C1E: main (main.cpp:1351)
==25690== 
==25690== Conditional jump or move depends on uninitialised value(s)
==25690==    at 0x5B72E2E: vfprintf (in /usr/lib64/libc-2.21.so)
==25690==    by 0x5B956FA: vsprintf (in /usr/lib64/libc-2.21.so)
==25690==    by 0x5B790C6: sprintf (in /usr/lib64/libc-2.21.so)
==25690==    by 0x4040C4: monster_list(Dungeon*) (main.cpp:419)
==25690==    by 0x4047EC: parse_pc(Dungeon*, int*, int*) (main.cpp:650)
==25690==    by 0x407C1E: main (main.cpp:1351)
==25690== 
==25690== Conditional jump or move depends on uninitialised value(s)
==25690==    at 0x5B72E44: vfprintf (in /usr/lib64/libc-2.21.so)
==25690==    by 0x5B956FA: vsprintf (in /usr/lib64/libc-2.21.so)
==25690==    by 0x5B790C6: sprintf (in /usr/lib64/libc-2.21.so)
==25690==    by 0x4040C4: monster_list(Dungeon*) (main.cpp:419)
==25690==    by 0x4047EC: parse_pc(Dungeon*, int*, int*) (main.cpp:650)
==25690==    by 0x407C1E: main (main.cpp:1351)
==25690== 
==25690== Conditional jump or move depends on uninitialised value(s)
==25690==    at 0x5B95707: vsprintf (in /usr/lib64/libc-2.21.so)
==25690==    by 0x5B790C6: sprintf (in /usr/lib64/libc-2.21.so)
==25690==    by 0x4040C4: monster_list(Dungeon*) (main.cpp:419)
==25690==    by 0x4047EC: parse_pc(Dungeon*, int*, int*) (main.cpp:650)
==25690==    by 0x407C1E: main (main.cpp:1351)
==25690== 
==25690== Use of uninitialised value of size 8
==25690==    at 0x5B95709: vsprintf (in /usr/lib64/libc-2.21.so)
==25690==    by 0x5B790C6: sprintf (in /usr/lib64/libc-2.21.so)
==25690==    by 0x4040C4: monster_list(Dungeon*) (main.cpp:419)
==25690==    by 0x4047EC: parse_pc(Dungeon*, int*, int*) (main.cpp:650)
==25690==    by 0x407C1E: main (main.cpp:1351)
==25690== 
==25690== Conditional jump or move depends on uninitialised value(s)
==25690==    at 0x4C2F8AD: strchrnul (in /usr/lib64/valgrind/vgpreload_memcheck-amd64-linux.so)
==25690==    by 0x5B6E651: vfprintf (in /usr/lib64/libc-2.21.so)
==25690==    by 0x5C37155: __vsnprintf_chk (in /usr/lib64/libc-2.21.so)
==25690==    by 0x4E4C755: _nc_printf_string (in /usr/lib64/libncurses.so.5.9)
==25690==    by 0x4E47ADE: vwprintw (in /usr/lib64/libncurses.so.5.9)
==25690==    by 0x4E47D41: mvprintw (in /usr/lib64/libncurses.so.5.9)
==25690==    by 0x40418F: monster_list(Dungeon*) (main.cpp:439)
==25690==    by 0x4047EC: parse_pc(Dungeon*, int*, int*) (main.cpp:650)
==25690==    by 0x407C1E: main (main.cpp:1351)
==25690== 
==25690== Conditional jump or move depends on uninitialised value(s)
==25690==    at 0x4C2F8C5: strchrnul (in /usr/lib64/valgrind/vgpreload_memcheck-amd64-linux.so)
==25690==    by 0x5B6E651: vfprintf (in /usr/lib64/libc-2.21.so)
==25690==    by 0x5C37155: __vsnprintf_chk (in /usr/lib64/libc-2.21.so)
==25690==    by 0x4E4C755: _nc_printf_string (in /usr/lib64/libncurses.so.5.9)
==25690==    by 0x4E47ADE: vwprintw (in /usr/lib64/libncurses.so.5.9)
==25690==    by 0x4E47D41: mvprintw (in /usr/lib64/libncurses.so.5.9)
==25690==    by 0x40418F: monster_list(Dungeon*) (main.cpp:439)
==25690==    by 0x4047EC: parse_pc(Dungeon*, int*, int*) (main.cpp:650)
==25690==    by 0x407C1E: main (main.cpp:1351)
==25690== 
==25690== Conditional jump or move depends on uninitialised value(s)
==25690==    at 0x4C2F8C1: strchrnul (in /usr/lib64/valgrind/vgpreload_memcheck-amd64-linux.so)
==25690==    by 0x5B6E651: vfprintf (in /usr/lib64/libc-2.21.so)
==25690==    by 0x5C37155: __vsnprintf_chk (in /usr/lib64/libc-2.21.so)
==25690==    by 0x4E4C755: _nc_printf_string (in /usr/lib64/libncurses.so.5.9)
==25690==    by 0x4E47ADE: vwprintw (in /usr/lib64/libncurses.so.5.9)
==25690==    by 0x4E47D41: mvprintw (in /usr/lib64/libncurses.so.5.9)
==25690==    by 0x40418F: monster_list(Dungeon*) (main.cpp:439)
==25690==    by 0x4047EC: parse_pc(Dungeon*, int*, int*) (main.cpp:650)
==25690==    by 0x407C1E: main (main.cpp:1351)
==25690== 
==25690== Conditional jump or move depends on uninitialised value(s)
==25690==    at 0x5B6E871: vfprintf (in /usr/lib64/libc-2.21.so)
==25690==    by 0x5C37155: __vsnprintf_chk (in /usr/lib64/libc-2.21.so)
==25690==    by 0x4E4C755: _nc_printf_string (in /usr/lib64/libncurses.so.5.9)
==25690==    by 0x4E47ADE: vwprintw (in /usr/lib64/libncurses.so.5.9)
==25690==    by 0x4E47D41: mvprintw (in /usr/lib64/libncurses.so.5.9)
==25690==    by 0x40418F: monster_list(Dungeon*) (main.cpp:439)
==25690==    by 0x4047EC: parse_pc(Dungeon*, int*, int*) (main.cpp:650)
==25690==    by 0x407C1E: main (main.cpp:1351)
==25690== 
==25690== Conditional jump or move depends on uninitialised value(s)
==25690==    at 0x4C2BC29: strlen (in /usr/lib64/valgrind/vgpreload_memcheck-amd64-linux.so)
==25690==    by 0x4E3E58F: waddnstr (in /usr/lib64/libncurses.so.5.9)
==25690==    by 0x4E47D41: mvprintw (in /usr/lib64/libncurses.so.5.9)
==25690==    by 0x40418F: monster_list(Dungeon*) (main.cpp:439)
==25690==    by 0x4047EC: parse_pc(Dungeon*, int*, int*) (main.cpp:650)
==25690==    by 0x407C1E: main (main.cpp:1351)
==25690== 
==25690== Conditional jump or move depends on uninitialised value(s)
==25690==    at 0x4C2BC38: strlen (in /usr/lib64/valgrind/vgpreload_memcheck-amd64-linux.so)
==25690==    by 0x4E3E58F: waddnstr (in /usr/lib64/libncurses.so.5.9)
==25690==    by 0x4E47D41: mvprintw (in /usr/lib64/libncurses.so.5.9)
==25690==    by 0x40418F: monster_list(Dungeon*) (main.cpp:439)
==25690==    by 0x4047EC: parse_pc(Dungeon*, int*, int*) (main.cpp:650)
==25690==    by 0x407C1E: main (main.cpp:1351)
==25690== 
==25690== Conditional jump or move depends on uninitialised value(s)
==25690==    at 0x4E3E558: waddnstr (in /usr/lib64/libncurses.so.5.9)
==25690==    by 0x4E47D41: mvprintw (in /usr/lib64/libncurses.so.5.9)
==25690==    by 0x40418F: monster_list(Dungeon*) (main.cpp:439)
==25690==    by 0x4047EC: parse_pc(Dungeon*, int*, int*) (main.cpp:650)
==25690==    by 0x407C1E: main (main.cpp:1351)
==25690== 
==25690== Conditional jump or move depends on uninitialised value(s)
==25690==    at 0x50728B6: _nc_unctrl (in /usr/lib64/libtinfo.so.5.9)
==25690==    by 0x4E3D05F: _nc_waddch_nosync (in /usr/lib64/libncurses.so.5.9)
==25690==    by 0x4E3E568: waddnstr (in /usr/lib64/libncurses.so.5.9)
==25690==    by 0x4E47D41: mvprintw (in /usr/lib64/libncurses.so.5.9)
==25690==    by 0x40418F: monster_list(Dungeon*) (main.cpp:439)
==25690==    by 0x4047EC: parse_pc(Dungeon*, int*, int*) (main.cpp:650)
==25690==    by 0x407C1E: main (main.cpp:1351)
==25690== 
==25690== Use of uninitialised value of size 8
==25690==    at 0x507290B: _nc_unctrl (in /usr/lib64/libtinfo.so.5.9)
==25690==    by 0x4E3D05F: _nc_waddch_nosync (in /usr/lib64/libncurses.so.5.9)
==25690==    by 0x4E3E568: waddnstr (in /usr/lib64/libncurses.so.5.9)
==25690==    by 0x4E47D41: mvprintw (in /usr/lib64/libncurses.so.5.9)
==25690==    by 0x40418F: monster_list(Dungeon*) (main.cpp:439)
==25690==    by 0x4047EC: parse_pc(Dungeon*, int*, int*) (main.cpp:650)
==25690==    by 0x407C1E: main (main.cpp:1351)
==25690== 
==25690== Use of uninitialised value of size 8
==25690==    at 0x4E3D07E: _nc_waddch_nosync (in /usr/lib64/libncurses.so.5.9)
==25690==    by 0x4E3E568: waddnstr (in /usr/lib64/libncurses.so.5.9)
==25690==    by 0x4E47D41: mvprintw (in /usr/lib64/libncurses.so.5.9)
==25690==    by 0x40418F: monster_list(Dungeon*) (main.cpp:439)
==25690==    by 0x4047EC: parse_pc(Dungeon*, int*, int*) (main.cpp:650)
==25690==    by 0x407C1E: main (main.cpp:1351)
==25690== 
==25690== Conditional jump or move depends on uninitialised value(s)
==25690==    at 0x4E3D09A: _nc_waddch_nosync (in /usr/lib64/libncurses.so.5.9)
==25690==    by 0x4E3E568: waddnstr (in /usr/lib64/libncurses.so.5.9)
==25690==    by 0x4E47D41: mvprintw (in /usr/lib64/libncurses.so.5.9)
==25690==    by 0x40418F: monster_list(Dungeon*) (main.cpp:439)
==25690==    by 0x4047EC: parse_pc(Dungeon*, int*, int*) (main.cpp:650)
==25690==    by 0x407C1E: main (main.cpp:1351)
==25690== 
==25690== Conditional jump or move depends on uninitialised value(s)
==25690==    at 0x4E3D0A0: _nc_waddch_nosync (in /usr/lib64/libncurses.so.5.9)
==25690==    by 0x4E3E568: waddnstr (in /usr/lib64/libncurses.so.5.9)
==25690==    by 0x4E47D41: mvprintw (in /usr/lib64/libncurses.so.5.9)
==25690==    by 0x40418F: monster_list(Dungeon*) (main.cpp:439)
==25690==    by 0x4047EC: parse_pc(Dungeon*, int*, int*) (main.cpp:650)
==25690==    by 0x407C1E: main (main.cpp:1351)
==25690== 
==25690== Conditional jump or move depends on uninitialised value(s)
==25690==    at 0x4E3D0AA: _nc_waddch_nosync (in /usr/lib64/libncurses.so.5.9)
==25690==    by 0x4E3E568: waddnstr (in /usr/lib64/libncurses.so.5.9)
==25690==    by 0x4E47D41: mvprintw (in /usr/lib64/libncurses.so.5.9)
==25690==    by 0x40418F: monster_list(Dungeon*) (main.cpp:439)
==25690==    by 0x4047EC: parse_pc(Dungeon*, int*, int*) (main.cpp:650)
==25690==    by 0x407C1E: main (main.cpp:1351)
==25690== 
==25690== Conditional jump or move depends on uninitialised value(s)
==25690==    at 0x4E3D0B4: _nc_waddch_nosync (in /usr/lib64/libncurses.so.5.9)
==25690==    by 0x4E3E568: waddnstr (in /usr/lib64/libncurses.so.5.9)
==25690==    by 0x4E47D41: mvprintw (in /usr/lib64/libncurses.so.5.9)
==25690==    by 0x40418F: monster_list(Dungeon*) (main.cpp:439)
==25690==    by 0x4047EC: parse_pc(Dungeon*, int*, int*) (main.cpp:650)
==25690==    by 0x407C1E: main (main.cpp:1351)
==25690== 
==25690== Use of uninitialised value of size 8
==25690==    at 0x50728CA: _nc_unctrl (in /usr/lib64/libtinfo.so.5.9)
==25690==    by 0x4E3D05F: _nc_waddch_nosync (in /usr/lib64/libncurses.so.5.9)
==25690==    by 0x4E3E568: waddnstr (in /usr/lib64/libncurses.so.5.9)
==25690==    by 0x4E47D41: mvprintw (in /usr/lib64/libncurses.so.5.9)
==25690==    by 0x40418F: monster_list(Dungeon*) (main.cpp:439)
==25690==    by 0x4047EC: parse_pc(Dungeon*, int*, int*) (main.cpp:650)
==25690==    by 0x407C1E: main (main.cpp:1351)
==25690== 
==25690== Conditional jump or move depends on uninitialised value(s)
==25690==    at 0x4E3D10E: _nc_waddch_nosync (in /usr/lib64/libncurses.so.5.9)
==25690==    by 0x4E3E568: waddnstr (in /usr/lib64/libncurses.so.5.9)
==25690==    by 0x4E47D41: mvprintw (in /usr/lib64/libncurses.so.5.9)
==25690==    by 0x40418F: monster_list(Dungeon*) (main.cpp:439)
==25690==    by 0x4047EC: parse_pc(Dungeon*, int*, int*) (main.cpp:650)
==25690==    by 0x407C1E: main (main.cpp:1351)
==25690== 
==25690== Conditional jump or move depends on uninitialised value(s)
==25690==    at 0x4E3D24C: _nc_waddch_nosync (in /usr/lib64/libncurses.so.5.9)
==25690==    by 0x4E3E568: waddnstr (in /usr/lib64/libncurses.so.5.9)
==25690==    by 0x4E47D41: mvprintw (in /usr/lib64/libncurses.so.5.9)
==25690==    by 0x40418F: monster_list(Dungeon*) (main.cpp:439)
==25690==    by 0x4047EC: parse_pc(Dungeon*, int*, int*) (main.cpp:650)
==25690==    by 0x407C1E: main (main.cpp:1351)
==25690== 
==25690== Conditional jump or move depends on uninitialised value(s)
==25690==    at 0x4E48098: wnoutrefresh (in /usr/lib64/libncurses.so.5.9)
==25690==    by 0x4E48196: wrefresh (in /usr/lib64/libncurses.so.5.9)
==25690==    by 0x4E41703: _nc_wgetch (in /usr/lib64/libncurses.so.5.9)
==25690==    by 0x4E42404: wgetch (in /usr/lib64/libncurses.so.5.9)
==25690==    by 0x4041A8: monster_list(Dungeon*) (main.cpp:445)
==25690==    by 0x4047EC: parse_pc(Dungeon*, int*, int*) (main.cpp:650)
==25690==    by 0x407C1E: main (main.cpp:1351)
==25690== 
==25690== Conditional jump or move depends on uninitialised value(s)
==25690==    at 0x4E50713: ??? (in /usr/lib64/libncurses.so.5.9)
==25690==    by 0x4E52171: doupdate (in /usr/lib64/libncurses.so.5.9)
==25690==    by 0x4E481A5: wrefresh (in /usr/lib64/libncurses.so.5.9)
==25690==    by 0x4E41703: _nc_wgetch (in /usr/lib64/libncurses.so.5.9)
==25690==    by 0x4E42404: wgetch (in /usr/lib64/libncurses.so.5.9)
==25690==    by 0x4041A8: monster_list(Dungeon*) (main.cpp:445)
==25690==    by 0x4047EC: parse_pc(Dungeon*, int*, int*) (main.cpp:650)
==25690==    by 0x407C1E: main (main.cpp:1351)
==25690== 
==25690== Conditional jump or move depends on uninitialised value(s)
==25690==    at 0x4E505A4: ??? (in /usr/lib64/libncurses.so.5.9)
==25690==    by 0x4E51357: ??? (in /usr/lib64/libncurses.so.5.9)
==25690==    by 0x4E52171: doupdate (in /usr/lib64/libncurses.so.5.9)
==25690==    by 0x4E481A5: wrefresh (in /usr/lib64/libncurses.so.5.9)
==25690==    by 0x4E41703: _nc_wgetch (in /usr/lib64/libncurses.so.5.9)
==25690==    by 0x4E42404: wgetch (in /usr/lib64/libncurses.so.5.9)
==25690==    by 0x4041A8: monster_list(Dungeon*) (main.cpp:445)
==25690==    by 0x4047EC: parse_pc(Dungeon*, int*, int*) (main.cpp:650)
==25690==    by 0x407C1E: main (main.cpp:1351)
==25690== 
==25690== Conditional jump or move depends on uninitialised value(s)
==25690==    at 0x4E4F99D: ??? (in /usr/lib64/libncurses.so.5.9)
==25690==    by 0x4E505CC: ??? (in /usr/lib64/libncurses.so.5.9)
==25690==    by 0x4E51357: ??? (in /usr/lib64/libncurses.so.5.9)
==25690==    by 0x4E52171: doupdate (in /usr/lib64/libncurses.so.5.9)
==25690==    by 0x4E481A5: wrefresh (in /usr/lib64/libncurses.so.5.9)
==25690==    by 0x4E41703: _nc_wgetch (in /usr/lib64/libncurses.so.5.9)
==25690==    by 0x4E42404: wgetch (in /usr/lib64/libncurses.so.5.9)
==25690==    by 0x4041A8: monster_list(Dungeon*) (main.cpp:445)
==25690==    by 0x4047EC: parse_pc(Dungeon*, int*, int*) (main.cpp:650)
==25690==    by 0x407C1E: main (main.cpp:1351)
==25690== 
==25690== 
==25690== More than 100 errors detected.  Subsequent errors
==25690== will still be recorded, but in less detail than before.
==25690== Syscall param write(buf) points to uninitialised byte(s)
==25690==    at 0x5C18280: __write_nocancel (in /usr/lib64/libc-2.21.so)
==25690==    by 0x5070251: _nc_flush (in /usr/lib64/libtinfo.so.5.9)
==25690==    by 0x4E5227B: doupdate (in /usr/lib64/libncurses.so.5.9)
==25690==    by 0x4E481A5: wrefresh (in /usr/lib64/libncurses.so.5.9)
==25690==    by 0x4E41703: _nc_wgetch (in /usr/lib64/libncurses.so.5.9)
==25690==    by 0x4E42404: wgetch (in /usr/lib64/libncurses.so.5.9)
==25690==    by 0x4041A8: monster_list(Dungeon*) (main.cpp:445)
==25690==    by 0x4047EC: parse_pc(Dungeon*, int*, int*) (main.cpp:650)
==25690==    by 0x407C1E: main (main.cpp:1351)
==25690==  Address 0x6173d23 is 227 bytes inside a block of size 2,236 alloc'd
==25690==    at 0x4C28C50: malloc (in /usr/lib64/valgrind/vgpreload_memcheck-amd64-linux.so)
==25690==    by 0x4E49450: _nc_setupscreen (in /usr/lib64/libncurses.so.5.9)
==25690==    by 0x4E4671D: newterm (in /usr/lib64/libncurses.so.5.9)
==25690==    by 0x4E42AE2: initscr (in /usr/lib64/libncurses.so.5.9)
==25690==    by 0x407B0A: main (main.cpp:1322)
==25690== 
==25690== Use of uninitialised value of size 8
==25690==    at 0x40F1D2: print_dungeon(Dungeon*, int, int) (printing.cpp:168)
==25690==    by 0x404802: parse_pc(Dungeon*, int*, int*) (main.cpp:651)
==25690==    by 0x407C1E: main (main.cpp:1351)
==25690== 
==25690== Use of uninitialised value of size 8
==25690==    at 0x40F231: print_dungeon(Dungeon*, int, int) (printing.cpp:170)
==25690==    by 0x404802: parse_pc(Dungeon*, int*, int*) (main.cpp:651)
==25690==    by 0x407C1E: main (main.cpp:1351)
==25690== 
==25690== Conditional jump or move depends on uninitialised value(s)
==25690==    at 0x40C7A6: gen_move_sprite(Dungeon*, int) (monsters.cpp:114)
==25690==    by 0x407CE6: main (main.cpp:1367)
==25690== 
==25690== Conditional jump or move depends on uninitialised value(s)
==25690==    at 0x40C7B9: gen_move_sprite(Dungeon*, int) (monsters.cpp:114)
==25690==    by 0x407CE6: main (main.cpp:1367)
==25690== 
==25690== Use of uninitialised value of size 8
==25690==    at 0x40C803: gen_move_sprite(Dungeon*, int) (monsters.cpp:115)
==25690==    by 0x407CE6: main (main.cpp:1367)
==25690== 
==25690== Use of uninitialised value of size 8
==25690==    at 0x40C831: gen_move_sprite(Dungeon*, int) (monsters.cpp:115)
==25690==    by 0x407CE6: main (main.cpp:1367)
==25690== 
==25690== Use of uninitialised value of size 8
==25690==    at 0x40C872: gen_move_sprite(Dungeon*, int) (monsters.cpp:115)
==25690==    by 0x407CE6: main (main.cpp:1367)
==25690== 
==25690== 
==25690== HEAP SUMMARY:
==25690==     in use at exit: 225,256 bytes in 6,073 blocks
==25690==   total heap usage: 167,174 allocs, 161,101 frees, 3,260,213 bytes allocated
==25690== 
==25690== LEAK SUMMARY:
==25690==    definitely lost: 51,908 bytes in 5,648 blocks
==25690==    indirectly lost: 15,427 bytes in 65 blocks
==25690==      possibly lost: 0 bytes in 0 blocks
==25690==    still reachable: 157,921 bytes in 360 blocks
==25690==         suppressed: 0 bytes in 0 blocks
==25690== Rerun with --leak-check=full to see details of leaked memory
==25690== 
==25690== For counts of detected and suppressed errors, rerun with: -v
==25690== Use --track-origins=yes to see where uninitialised values come from
==25690== ERROR SUMMARY: 10995 errors from 108 contexts (suppressed: 0 from 0)
